<?xml version="1.0" encoding="UTF-8"?>
<testng-results ignored="0" total="1" passed="1" failed="0" skipped="0">
  <reporter-output>
  </reporter-output>
  <suite started-at="2023-04-20T22:35:59 IST" name="Default suite" finished-at="2023-04-20T22:36:46 IST" duration-ms="46746">
    <groups>
      <group name="smoketest">
        <method signature="D1Test.sample()[pri:0, instance:Demo.D1Test@292b08d6]" name="sample" class="Demo.D1Test"/>
      </group> <!-- smoketest -->
    </groups>
    <test started-at="2023-04-20T22:35:59 IST" name="Default test" finished-at="2023-04-20T22:36:46 IST" duration-ms="46746">
      <class name="Demo.D1Test">
        <test-method signature="sample()[pri:0, instance:Demo.D1Test@292b08d6]" started-at="2023-04-20T22:36:00 IST" name="sample" finished-at="2023-04-20T22:36:46 IST" duration-ms="46557" status="PASS">
          <reporter-output>
          </reporter-output>
        </test-method> <!-- sample -->
      </class> <!-- Demo.D1Test -->
    </test> <!-- Default test -->
  </suite> <!-- Default suite -->
</testng-results>
